KCPSM6 Assembler log file for program 'E:\Studia\S5\PUL\projekt\uP_FPGA\project\code\auto_baud_rate_control.psm'.
Generated by KCPSM6 version v2.70
Ken Chapman - Xilinx Ltd - 16th May 2014

Assembly datestamp: 23 Jan 2022
Assembly timestamp: 14:31:02

Contents
  Assembly listing
  List of PSM files
  List of CONSTANTs
  List of TABLEs
  List of STRINGs
  List of line labels
  Instruction usage statistics


Last occupied address: 019 hex
Nominal program memory size: 1K (1024)   address(9:0)
Actual memory size: 4096
  (Default memory size)
Occupied memory locations: 26
Memory locations available: 4070


Assembly listing

 Addr Code           Instruction

 000                 CONSTANT counter_compare_treshold, 10
 000                 CONSTANT led_output, 01               ; port01 used for output
 000                 CONSTANT data_input, 01               ; port01 used for input
 000  22001          JUMP 001[init]
 001           init: 
 001  01000          LOAD s0, 00                           ; couner for loop 1
 002  01110          LOAD s1, 10[counter_compare_treshold] ; load constant value to reg s1
 003  01260          LOAD s2, 60
 004  01300          LOAD s3, 00                           ; reg for outputs
 005  01401          LOAD s4, 01                           ; const 01
 006  015FF          LOAD s5, FF                           ; const FF
 007  01600          LOAD s6, 00                           ; counter for loop 2
 008  09101          INPUT s1, 01[data_input]              ; load data imput to register s1
 009  2D501          OUTPUT s5, 01[led_output]
 00A  2200B          JUMP 00B[loop_1]
 00B         loop_1: 
 00B  2D501          OUTPUT s5, 01[led_output]
 00C  02440          AND s4, s4                            ; clear CARRY flag
 00D  11001          ADD s0, 01                            ;
 00E  01600          LOAD s6, 00                           ; reser r6 reg
 00F  1C100          COMPARE s1, s0
 010  3A012          JUMP C, 012[loop_2]                   ; go to loop_2 sub
 011  2200B          JUMP 00B[loop_1]                      ; single loop end
 012         loop_2: 
 012  2D401          OUTPUT s4, 01[led_output]
 013  02440          AND s4, s4                            ; clear CARRY flag
 014  11601          ADD s6, 01                            ;
 015  01000          LOAD s0, 00                           ; reset r0 reg
 016  1C160          COMPARE s1, s6
 017  3A00B          JUMP C, 00B[loop_1]                   ; go to loop_2 sub
 018  22012          JUMP 012[loop_2]                      ; single loop end
 019            end: 
 019  2200B          JUMP 00B[loop_1]


All unused memory locations contain zero (equivalent to 'LOAD s0, s0')



List of PSM files that have been assembled

E:\Studia\S5\PUL\projekt\uP_FPGA\project\code\auto_baud_rate_control.psm



List of defined constants

 CONSTANT name            Value        Source PSM File

 timestamp_hours          14'd         
 timestamp_minutes        31'd         
 timestamp_seconds        02'd         
 datestamp_year           22'd         
 datestamp_month          1'd          
 datestamp_day            23'd         
 NUL                      00           
 BEL                      07           
 BS                       08           
 HT                       09           
 LF                       0A           
 VT                       0B           
 CR                       0D           
 ESC                      1B           
 DEL                      7F           
 DCS                      90           
 ST                       9C           
 counter_compare_treshold 10           auto_baud_rate_control.psm
 led_output               01           auto_baud_rate_control.psm
 data_input               01           auto_baud_rate_control.psm



No TABLEs defined



List of text strings

 STRING name       String         Source PSM File

 KCPSM6_version$   "v2.70"        
 datestamp$        "23 Jan 2022"  
 timestamp$        "14:31:02"     



List of line labels

   Label    Addr  Source PSM File

   init     001   auto_baud_rate_control.psm
   loop_1   00B   auto_baud_rate_control.psm
   loop_2   012   auto_baud_rate_control.psm
 * end      019   auto_baud_rate_control.psm

      * Line label has not been referenced in any instructions.
        Hint - This may indicate unused code that could be
               removed to reduce the size of this program.



Instruction usage statistics

 Instruction    Instances

 LOAD              9
 STAR              -

 AND               2
 OR                -
 XOR               -

 ADD               2
 ADDCY             -
 SUB               -
 SUBCY             -

 TEST              -
 TESTCY            -
 COMPARE           2
 COMPARECY         -

 SL0               -
 SL1               -
 SLX               -
 SLA               -
 RL                -
 SR0               -
 SR1               -
 SRX               -
 SRA               -
 RR                -

 REGBANK           -

 INPUT             1
 OUTPUT            3
 OUTPUTK           -

 STORE             -
 FETCH             -

 DISABLE           -
 ENABLE            -
 RETURNI           -

 JUMP              7
 JUMP@             -
 CALL              -
 CALL@             -
 RETURN            -
 LOAD&RETURN       -

 HWBUILD           -



End of KCPSM6 log file.
