KCPSM6 Assembler log file for program 'E:\Studia\S5\PUL\prj\uP_FPGA\programs\auto_baud_rate_control.psm'.
Generated by KCPSM6 version v2.70
Ken Chapman - Xilinx Ltd - 16th May 2014

Assembly datestamp: 22 Jan 2022
Assembly timestamp: 17:15:40

Contents
  Assembly listing
  List of PSM files
  List of CONSTANTs
  List of TABLEs
  List of STRINGs
  List of line labels
  Instruction usage statistics


Last occupied address: 006 hex
Nominal program memory size: 1K (1024)   address(9:0)
Actual memory size: 4096
  (Default memory size)
Occupied memory locations: 7
Memory locations available: 4089


Assembly listing

 Addr Code          Instruction

 000         start: 
 000  010AA         LOAD s0, AA     ; load register s0 = 10101010, initial value of s0 register FF
 001  00100         LOAD s1, s0     ; load register s1 with value of register s0
 002  070FF         XOR s0, FF      ; invert contents s0 = 01010101 AA
 003  11001         ADD s0, 01      ; incremnt by 1 register s0
 004  1C010         COMPARE s0, s1  ; compare value of s0 and s1 registers
 005  22000         JUMP 000[start] ; return to begin of program
 006           end: 
 006  22000         JUMP 000[start]


All unused memory locations contain zero (equivalent to 'LOAD s0, s0')



List of PSM files that have been assembled

E:\Studia\S5\PUL\prj\uP_FPGA\programs\auto_baud_rate_control.psm



List of defined constants

 CONSTANT name     Value        Source PSM File

 timestamp_hours   17'd         
 timestamp_minutes 15'd         
 timestamp_seconds 40'd         
 datestamp_year    22'd         
 datestamp_month   1'd          
 datestamp_day     22'd         
 NUL               00           
 BEL               07           
 BS                08           
 HT                09           
 LF                0A           
 VT                0B           
 CR                0D           
 ESC               1B           
 DEL               7F           
 DCS               90           
 ST                9C           



No TABLEs defined



List of text strings

 STRING name       String         Source PSM File

 KCPSM6_version$   "v2.70"        
 datestamp$        "22 Jan 2022"  
 timestamp$        "17:15:40"     



List of line labels

   Label    Addr  Source PSM File

   start    000   auto_baud_rate_control.psm
 * end      006   auto_baud_rate_control.psm

      * Line label has not been referenced in any instructions.
        Hint - This may indicate unused code that could be
               removed to reduce the size of this program.



Instruction usage statistics

 Instruction    Instances

 LOAD              2
 STAR              -

 AND               -
 OR                -
 XOR               1

 ADD               1
 ADDCY             -
 SUB               -
 SUBCY             -

 TEST              -
 TESTCY            -
 COMPARE           1
 COMPARECY         -

 SL0               -
 SL1               -
 SLX               -
 SLA               -
 RL                -
 SR0               -
 SR1               -
 SRX               -
 SRA               -
 RR                -

 REGBANK           -

 INPUT             -
 OUTPUT            -
 OUTPUTK           -

 STORE             -
 FETCH             -

 DISABLE           -
 ENABLE            -
 RETURNI           -

 JUMP              2
 JUMP@             -
 CALL              -
 CALL@             -
 RETURN            -
 LOAD&RETURN       -

 HWBUILD           -



End of KCPSM6 log file.
